# JRE version: OpenJDK Runtime Environment Temurin-17.0.13+11 (17.0.13+11) (build 17.0.13+11)
# Java VM: OpenJDK 64-Bit Server VM Temurin-17.0.13+11 (17.0.13+11, mixed mode, tiered, compressed oops, compressed class ptrs, g1 gc, windows-amd64)
GC Precious Log:
 CPUs: 16 total, 16 available
 Memory: 16066M
 Large Page Support: Disabled
 NUMA Support: Disabled
 Compressed Oops: Enabled (Zero based)
 Heap Region Size: 2M
 Heap Min Capacity: 8M
 Heap Initial Capacity: 252M
 Heap Max Capacity: 4018M
 Pre-touch: Disabled
 Parallel Workers: 13
 Concurrent Workers: 3
 Concurrent Refinement Workers: 13
 Periodic GC: Disabled
Heap:
 garbage-first heap   total 40960K, used 12028K [0x0000000704e00000, 0x0000000800000000)
  region size 2048K, 3 young (6144K), 2 survivors (4096K)
 Metaspace       used 29362K, committed 29952K, reserved 1114112K
  class space    used 2819K, committed 3072K, reserved 1048576K
GC Heap History (14 events):
Event: 1.170 GC heap before
{Heap before GC invocations=0 (full 0):
 garbage-first heap   total 258048K, used 20480K [0x0000000704e00000, 0x0000000800000000)
  region size 2048K, 11 young (22528K), 0 survivors (0K)
 Metaspace       used 10063K, committed 10240K, reserved 1114112K
  class space    used 1007K, committed 1088K, reserved 1048576K
}
Event: 1.174 GC heap after
{Heap after GC invocations=1 (full 0):
 garbage-first heap   total 258048K, used 3819K [0x0000000704e00000, 0x0000000800000000)
  region size 2048K, 2 young (4096K), 2 survivors (4096K)
 Metaspace       used 10063K, committed 10240K, reserved 1114112K
  class space    used 1007K, committed 1088K, reserved 1048576K
}
Event: 2.534 GC heap before
{Heap before GC invocations=1 (full 0):
 garbage-first heap   total 258048K, used 34539K [0x0000000704e00000, 0x0000000800000000)
  region size 2048K, 18 young (36864K), 2 survivors (4096K)
 Metaspace       used 15375K, committed 15680K, reserved 1114112K
  class space    used 1560K, committed 1728K, reserved 1048576K
}
Event: 2.542 GC heap after
{Heap after GC invocations=2 (full 0):
 garbage-first heap   total 258048K, used 5329K [0x0000000704e00000, 0x0000000800000000)
  region size 2048K, 2 young (4096K), 2 survivors (4096K)
 Metaspace       used 15375K, committed 15680K, reserved 1114112K
  class space    used 1560K, committed 1728K, reserved 1048576K
}
Event: 3.670 GC heap before
{Heap before GC invocations=2 (full 0):
 garbage-first heap   total 258048K, used 38097K [0x0000000704e00000, 0x0000000800000000)
  region size 2048K, 19 young (38912K), 2 survivors (4096K)
 Metaspace       used 21053K, committed 21504K, reserved 1114112K
  class space    used 2162K, committed 2368K, reserved 1048576K
}
Event: 3.676 GC heap after
{Heap after GC invocations=3 (full 0):
 garbage-first heap   total 258048K, used 7377K [0x0000000704e00000, 0x0000000800000000)
  region size 2048K, 3 young (6144K), 3 survivors (6144K)
 Metaspace       used 21053K, committed 21504K, reserved 1114112K
  class space    used 2162K, committed 2368K, reserved 1048576K
}
Event: 4.123 GC heap before
{Heap before GC invocations=4 (full 0):
 garbage-first heap   total 40960K, used 25809K [0x0000000704e00000, 0x0000000800000000)
  region size 2048K, 12 young (24576K), 3 survivors (6144K)
 Metaspace       used 22720K, committed 23232K, reserved 1114112K
  class space    used 2311K, committed 2496K, reserved 1048576K
}
Event: 4.128 GC heap after
{Heap after GC invocations=5 (full 0):
 garbage-first heap   total 40960K, used 9036K [0x0000000704e00000, 0x0000000800000000)
  region size 2048K, 2 young (4096K), 2 survivors (4096K)
 Metaspace       used 22720K, committed 23232K, reserved 1114112K
  class space    used 2311K, committed 2496K, reserved 1048576K
}
Event: 4.147 GC heap before
{Heap before GC invocations=5 (full 0):
 garbage-first heap   total 40960K, used 11084K [0x0000000704e00000, 0x0000000800000000)
  region size 2048K, 3 young (6144K), 2 survivors (4096K)
 Metaspace       used 22722K, committed 23232K, reserved 1114112K
  class space    used 2311K, committed 2496K, reserved 1048576K
}
Event: 4.151 GC heap after
{Heap after GC invocations=6 (full 0):
 garbage-first heap   total 40960K, used 9395K [0x0000000704e00000, 0x0000000800000000)
  region size 2048K, 1 young (2048K), 1 survivors (2048K)
 Metaspace       used 22722K, committed 23232K, reserved 1114112K
  class space    used 2311K, committed 2496K, reserved 1048576K
}
Event: 4.755 GC heap before
{Heap before GC invocations=6 (full 0):
 garbage-first heap   total 40960K, used 23731K [0x0000000704e00000, 0x0000000800000000)
  region size 2048K, 9 young (18432K), 1 survivors (2048K)
 Metaspace       used 25612K, committed 26048K, reserved 1114112K
  class space    used 2511K, committed 2688K, reserved 1048576K
}
Event: 4.757 GC heap after
{Heap after GC invocations=7 (full 0):
 garbage-first heap   total 40960K, used 8486K [0x0000000704e00000, 0x0000000800000000)
  region size 2048K, 1 young (2048K), 1 survivors (2048K)
 Metaspace       used 25612K, committed 26048K, reserved 1114112K
  class space    used 2511K, committed 2688K, reserved 1048576K
}
Event: 5.147 GC heap before
{Heap before GC invocations=7 (full 0):
 garbage-first heap   total 40960K, used 24870K [0x0000000704e00000, 0x0000000800000000)
  region size 2048K, 10 young (20480K), 1 survivors (2048K)
 Metaspace       used 27103K, committed 27648K, reserved 1114112K
  class space    used 2619K, committed 2816K, reserved 1048576K
}
Event: 5.150 GC heap after
{Heap after GC invocations=8 (full 0):
 garbage-first heap   total 40960K, used 10254K [0x0000000704e00000, 0x0000000800000000)
  region size 2048K, 1 young (2048K), 1 survivors (2048K)
 Metaspace       used 27103K, committed 27648K, reserved 1114112K
  class space    used 2619K, committed 2816K, reserved 1048576K
}

